<?xml version="1.0" encoding="UTF-8"?>
<!-- Generated by org.testng.reporters.JUnitXMLReporter -->
<testsuite hostname="Lenovo" ignored="0" name="Test" tests="2" failures="1" timestamp="2021-11-27T00:28:20 IST" time="0.387" errors="0">
  <testcase name="password" time="0.043" classname="com.testNG_Features.Iretry_Analyser">
    <failure type="java.lang.AssertionError" message="expected [deepak] but found [deepak123]">
      <![CDATA[java.lang.AssertionError: expected [deepak] but found [deepak123]
at com.testNG_Features.Iretry_Analyser.password(Iretry_Analyser.java:19)
at java.util.ArrayList.forEach(Unknown Source)
... Removed 33 stack frames]]>
    </failure>
  </testcase> <!-- password -->
  <testcase name="username" time="0.126" classname="com.testNG_Features.Iretry_Analyser"/>
</testsuite> <!-- Test -->
